TN:
SF:/usr/include/c++/7/bits/basic_string.h
FN:5888,_ZStplIcSt11char_traitsIcESaIcEENSt7__cxx1112basic_stringIT_T0_T1_EERKS8_SA_
FN:6017,_ZSteqIcEN9__gnu_cxx11__enable_ifIXsrSt9__is_charIT_E7__valueEbE6__typeERKNSt7__cxx1112basic_stringIS3_St11char_traitsIS3_ESaIS3_EEESE_
FNDA:0,_ZStplIcSt11char_traitsIcESaIcEENSt7__cxx1112basic_stringIT_T0_T1_EERKS8_SA_
FNDA:0,_ZSteqIcEN9__gnu_cxx11__enable_ifIXsrSt9__is_charIT_E7__valueEbE6__typeERKNSt7__cxx1112basic_stringIS3_St11char_traitsIS3_ESaIS3_EEESE_
FNF:2
FNH:0
DA:5888,0
DA:5891,0
DA:5892,0
DA:5893,0
DA:6017,0
DA:6019,0
DA:6020,0
DA:6021,0
LF:8
LH:0
end_of_record
SF:/usr/include/c++/7/bits/char_traits.h
FN:300,_ZNSt11char_traitsIcE7compareEPKcS2_m
FNDA:0,_ZNSt11char_traitsIcE7compareEPKcS2_m
FNF:1
FNH:0
DA:300,0
DA:308,0
DA:309,0
DA:310,0
LF:4
LH:0
end_of_record
SF:/home/yc/Desktop/cppunit/SaleMachine.cpp
FN:3,_ZN11SaleMachineC2Ev
FN:6,_ZN11SaleMachine4saleENSt7__cxx1112basic_stringIcSt11char_traitsIcESaIcEEEi
FNDA:19,_ZN11SaleMachineC2Ev
FNDA:44,_ZN11SaleMachine4saleENSt7__cxx1112basic_stringIcSt11char_traitsIcESaIcEEEi
FNF:2
FNH:2
DA:3,19
DA:4,19
DA:6,44
DA:7,44
DA:8,44
DA:9,4
DA:11,40
DA:12,22
DA:13,22
DA:14,22
DA:15,5
DA:17,17
DA:18,5
DA:21,12
DA:24,18
DA:25,17
DA:26,1
DA:29,16
DA:30,16
DA:31,16
DA:32,8
DA:34,8
DA:35,7
DA:38,1
DA:42,1
DA:44,44
LF:26
LH:26
end_of_record
SF:/usr/include/c++/7/bits/basic_string.h
DA:5888,0
DA:5891,0
DA:5892,0
DA:5893,0
DA:6017,0
DA:6019,0
DA:6020,0
DA:6021,0
LF:8
LH:0
end_of_record
SF:/usr/include/c++/7/bits/char_traits.h
DA:300,0
DA:308,0
DA:309,0
DA:310,0
LF:4
LH:0
end_of_record
TN:
SF:/usr/include/c++/7/backward/auto_ptr.h
FN:103,_ZNSt8auto_ptrIN7CppUnit9TestSuiteEEC2EPS1_
FN:170,_ZNSt8auto_ptrIN7CppUnit9TestSuiteEED2Ev
FN:211,_ZNKSt8auto_ptrIN7CppUnit9TestSuiteEE3getEv
FN:225,_ZNSt8auto_ptrIN7CppUnit9TestSuiteEE7releaseEv
FNDA:1,_ZNSt8auto_ptrIN7CppUnit9TestSuiteEEC2EPS1_
FNDA:1,_ZNSt8auto_ptrIN7CppUnit9TestSuiteEED2Ev
FNDA:1,_ZNKSt8auto_ptrIN7CppUnit9TestSuiteEE3getEv
FNDA:1,_ZNSt8auto_ptrIN7CppUnit9TestSuiteEE7releaseEv
FNF:4
FNH:4
DA:103,1
DA:170,1
DA:211,1
DA:225,1
DA:227,1
DA:228,1
DA:229,1
LF:7
LH:7
end_of_record
SF:/usr/include/c++/7/bits/alloc_traits.h
FN:435,_ZNSt16allocator_traitsISaISt4pairINSt7__cxx1112basic_stringIcSt11char_traitsIcESaIcEEES6_EEE8allocateERS8_m
FN:461,_ZNSt16allocator_traitsISaINSt7__cxx1112basic_stringIcSt11char_traitsIcESaIcEEEEE10deallocateERS6_PS5_m
FN:461,_ZNSt16allocator_traitsISaISt4pairINSt7__cxx1112basic_stringIcSt11char_traitsIcESaIcEEES6_EEE10deallocateERS8_PS7_m
FN:461,_ZNSt16allocator_traitsISaIPNSt7__cxx1112basic_stringIcSt11char_traitsIcESaIcEEEEE10deallocateERS7_PS6_m
FN:504,_ZNSt16allocator_traitsISaISt4pairINSt7__cxx1112basic_stringIcSt11char_traitsIcESaIcEEES6_EEE37select_on_container_copy_constructionERKS8_
FNDA:0,_ZNSt16allocator_traitsISaISt4pairINSt7__cxx1112basic_stringIcSt11char_traitsIcESaIcEEES6_EEE8allocateERS8_m
FNDA:0,_ZNSt16allocator_traitsISaISt4pairINSt7__cxx1112basic_stringIcSt11char_traitsIcESaIcEEES6_EEE10deallocateERS8_PS7_m
FNDA:0,_ZNSt16allocator_traitsISaINSt7__cxx1112basic_stringIcSt11char_traitsIcESaIcEEEEE10deallocateERS6_PS5_m
FNDA:0,_ZNSt16allocator_traitsISaIPNSt7__cxx1112basic_stringIcSt11char_traitsIcESaIcEEEEE10deallocateERS7_PS6_m
FNDA:1,_ZNSt16allocator_traitsISaISt4pairINSt7__cxx1112basic_stringIcSt11char_traitsIcESaIcEEES6_EEE37select_on_container_copy_constructionERKS8_
FNF:5
FNH:1
DA:435,0
DA:436,0
DA:461,0
DA:462,0
DA:504,1
DA:505,1
LF:6
LH:2
end_of_record
SF:/usr/include/c++/7/bits/allocator.h
FN:133,_ZNSaISt4pairINSt7__cxx1112basic_stringIcSt11char_traitsIcESaIcEEES5_EEC2ERKS7_
FN:137,_ZNSaIPNSt7__cxx1112basic_stringIcSt11char_traitsIcESaIcEEEEC2IS4_EERKSaIT_E
FN:139,_ZNSaISt4pairINSt7__cxx1112basic_stringIcSt11char_traitsIcESaIcEEES5_EED2Ev
FN:139,_ZNSaINSt7__cxx1112basic_stringIcSt11char_traitsIcESaIcEEEED2Ev
FN:139,_ZNSaIPNSt7__cxx1112basic_stringIcSt11char_traitsIcESaIcEEEED2Ev
FNDA:2,_ZNSaISt4pairINSt7__cxx1112basic_stringIcSt11char_traitsIcESaIcEEES5_EEC2ERKS7_
FNDA:0,_ZNSaIPNSt7__cxx1112basic_stringIcSt11char_traitsIcESaIcEEEEC2IS4_EERKSaIT_E
FNDA:0,_ZNSaIPNSt7__cxx1112basic_stringIcSt11char_traitsIcESaIcEEEED2Ev
FNDA:1,_ZNSaISt4pairINSt7__cxx1112basic_stringIcSt11char_traitsIcESaIcEEES5_EED2Ev
FNDA:0,_ZNSaINSt7__cxx1112basic_stringIcSt11char_traitsIcESaIcEEEED2Ev
FNF:5
FNH:2
DA:133,2
DA:134,2
DA:137,0
DA:139,1
LF:4
LH:3
end_of_record
SF:/usr/include/c++/7/bits/basic_string.h
FN:5888,_ZStplIcSt11char_traitsIcESaIcEENSt7__cxx1112basic_stringIT_T0_T1_EERKS8_SA_
FN:6017,_ZSteqIcEN9__gnu_cxx11__enable_ifIXsrSt9__is_charIT_E7__valueEbE6__typeERKNSt7__cxx1112basic_stringIS3_St11char_traitsIS3_ESaIS3_EEESE_
FNDA:71,_ZStplIcSt11char_traitsIcESaIcEENSt7__cxx1112basic_stringIT_T0_T1_EERKS8_SA_
FNDA:111,_ZSteqIcEN9__gnu_cxx11__enable_ifIXsrSt9__is_charIT_E7__valueEbE6__typeERKNSt7__cxx1112basic_stringIS3_St11char_traitsIS3_ESaIS3_EEESE_
FNF:2
FNH:2
DA:5888,71
DA:5891,71
DA:5892,71
DA:5893,71
DA:6017,111
DA:6019,111
DA:6020,111
DA:6021,111
LF:8
LH:8
end_of_record
SF:/usr/include/c++/7/bits/char_traits.h
FN:300,_ZNSt11char_traitsIcE7compareEPKcS2_m
FNDA:86,_ZNSt11char_traitsIcE7compareEPKcS2_m
FNF:1
FNH:1
DA:300,86
DA:308,86
DA:309,0
DA:310,86
LF:4
LH:3
end_of_record
SF:/usr/include/c++/7/bits/deque.tcc
FN:845,_ZNSt5dequeINSt7__cxx1112basic_stringIcSt11char_traitsIcESaIcEEESaIS5_EE19_M_destroy_data_auxESt15_Deque_iteratorIS5_RS5_PS5_ESB_
FNDA:0,_ZNSt5dequeINSt7__cxx1112basic_stringIcSt11char_traitsIcESaIcEEESaIS5_EE19_M_destroy_data_auxESt15_Deque_iteratorIS5_RS5_PS5_ESB_
FNF:1
FNH:0
DA:845,0
DA:848,0
DA:849,0
DA:850,0
DA:851,0
DA:853,0
DA:855,0
DA:856,0
DA:857,0
DA:858,0
DA:861,0
DA:862,0
DA:863,0
LF:13
LH:0
end_of_record
SF:/usr/include/c++/7/bits/move.h
FN:47,_ZSt11__addressofINSt7__cxx1112basic_stringIcSt11char_traitsIcESaIcEEEEPT_RS6_
FN:47,_ZSt11__addressofISt4pairINSt7__cxx1112basic_stringIcSt11char_traitsIcESaIcEEES6_EEPT_RS8_
FN:73,_ZSt7forwardIRKSt4pairINSt7__cxx1112basic_stringIcSt11char_traitsIcESaIcEEES6_EEOT_RNSt16remove_referenceISA_E4typeE
FNDA:0,_ZSt11__addressofINSt7__cxx1112basic_stringIcSt11char_traitsIcESaIcEEEEPT_RS6_
FNDA:0,_ZSt11__addressofISt4pairINSt7__cxx1112basic_stringIcSt11char_traitsIcESaIcEEES6_EEPT_RS8_
FNDA:0,_ZSt7forwardIRKSt4pairINSt7__cxx1112basic_stringIcSt11char_traitsIcESaIcEEES6_EEOT_RNSt16remove_referenceISA_E4typeE
FNF:3
FNH:0
DA:47,0
DA:48,0
DA:73,0
DA:74,0
LF:4
LH:0
end_of_record
SF:/usr/include/c++/7/bits/stl_construct.h
FN:74,_ZSt10_ConstructISt4pairINSt7__cxx1112basic_stringIcSt11char_traitsIcESaIcEEES6_EJRKS7_EEvPT_DpOT0_
FN:97,_ZSt8_DestroyISt4pairINSt7__cxx1112basic_stringIcSt11char_traitsIcESaIcEEES6_EEvPT_
FN:97,_ZSt8_DestroyINSt7__cxx1112basic_stringIcSt11char_traitsIcESaIcEEEEvPT_
FN:105,_ZNSt12_Destroy_auxILb0EE9__destroyIPSt4pairINSt7__cxx1112basic_stringIcSt11char_traitsIcESaIcEEES8_EEEvT_SB_
FN:105,_ZNSt12_Destroy_auxILb0EE9__destroyIPNSt7__cxx1112basic_stringIcSt11char_traitsIcESaIcEEEEEvT_S9_
FN:127,_ZSt8_DestroyIPNSt7__cxx1112basic_stringIcSt11char_traitsIcESaIcEEEEvT_S7_
FN:127,_ZSt8_DestroyIPSt4pairINSt7__cxx1112basic_stringIcSt11char_traitsIcESaIcEEES6_EEvT_S9_
FN:203,_ZSt8_DestroyIPNSt7__cxx1112basic_stringIcSt11char_traitsIcESaIcEEES5_EvT_S7_RSaIT0_E
FNDA:0,_ZSt10_ConstructISt4pairINSt7__cxx1112basic_stringIcSt11char_traitsIcESaIcEEES6_EJRKS7_EEvPT_DpOT0_
FNDA:0,_ZSt8_DestroyINSt7__cxx1112basic_stringIcSt11char_traitsIcESaIcEEEEvPT_
FNDA:0,_ZSt8_DestroyISt4pairINSt7__cxx1112basic_stringIcSt11char_traitsIcESaIcEEES6_EEvPT_
FNDA:0,_ZNSt12_Destroy_auxILb0EE9__destroyIPNSt7__cxx1112basic_stringIcSt11char_traitsIcESaIcEEEEEvT_S9_
FNDA:0,_ZNSt12_Destroy_auxILb0EE9__destroyIPSt4pairINSt7__cxx1112basic_stringIcSt11char_traitsIcESaIcEEES8_EEEvT_SB_
FNDA:0,_ZSt8_DestroyIPNSt7__cxx1112basic_stringIcSt11char_traitsIcESaIcEEEEvT_S7_
FNDA:0,_ZSt8_DestroyIPSt4pairINSt7__cxx1112basic_stringIcSt11char_traitsIcESaIcEEES6_EEvT_S9_
FNDA:0,_ZSt8_DestroyIPNSt7__cxx1112basic_stringIcSt11char_traitsIcESaIcEEES5_EvT_S7_RSaIT0_E
FNF:8
FNH:0
DA:74,0
DA:75,0
DA:97,0
DA:98,0
DA:105,0
DA:107,0
DA:108,0
DA:109,0
DA:127,0
DA:137,0
DA:138,0
DA:203,0
DA:206,0
DA:207,0
LF:14
LH:0
end_of_record
SF:/usr/include/c++/7/bits/stl_deque.h
FN:91,_ZSt16__deque_buf_sizem
FN:151,_ZNSt15_Deque_iteratorINSt7__cxx1112basic_stringIcSt11char_traitsIcESaIcEEERS5_PS5_EC2ERKS8_
FN:549,_ZNSt11_Deque_baseINSt7__cxx1112basic_stringIcSt11char_traitsIcESaIcEEESaIS5_EE11_Deque_implD2Ev
FN:587,_ZNSt11_Deque_baseINSt7__cxx1112basic_stringIcSt11char_traitsIcESaIcEEESaIS5_EE19_M_get_Tp_allocatorEv
FN:591,_ZNKSt11_Deque_baseINSt7__cxx1112basic_stringIcSt11char_traitsIcESaIcEEESaIS5_EE19_M_get_Tp_allocatorEv
FN:595,_ZNKSt11_Deque_baseINSt7__cxx1112basic_stringIcSt11char_traitsIcESaIcEEESaIS5_EE20_M_get_map_allocatorEv
FN:606,_ZNSt11_Deque_baseINSt7__cxx1112basic_stringIcSt11char_traitsIcESaIcEEESaIS5_EE18_M_deallocate_nodeEPS5_
FN:620,_ZNSt11_Deque_baseINSt7__cxx1112basic_stringIcSt11char_traitsIcESaIcEEESaIS5_EE17_M_deallocate_mapEPPS5_m
FN:660,_ZNSt11_Deque_baseINSt7__cxx1112basic_stringIcSt11char_traitsIcESaIcEEESaIS5_EED2Ev
FN:738,_ZNSt11_Deque_baseINSt7__cxx1112basic_stringIcSt11char_traitsIcESaIcEEESaIS5_EE16_M_destroy_nodesEPPS5_S9_
FN:862,_ZNSt5dequeINSt7__cxx1112basic_stringIcSt11char_traitsIcESaIcEEESaIS5_EE14_S_buffer_sizeEv
FN:1044,_ZNSt5dequeINSt7__cxx1112basic_stringIcSt11char_traitsIcESaIcEEESaIS5_EED2Ev
FN:1166,_ZNSt5dequeINSt7__cxx1112basic_stringIcSt11char_traitsIcESaIcEEESaIS5_EE5beginEv
FN:1183,_ZNSt5dequeINSt7__cxx1112basic_stringIcSt11char_traitsIcESaIcEEESaIS5_EE3endEv
FN:2068,_ZNSt5dequeINSt7__cxx1112basic_stringIcSt11char_traitsIcESaIcEEESaIS5_EE15_M_destroy_dataESt15_Deque_iteratorIS5_RS5_PS5_ESB_RKS6_
FNDA:0,_ZSt16__deque_buf_sizem
FNDA:0,_ZNSt15_Deque_iteratorINSt7__cxx1112basic_stringIcSt11char_traitsIcESaIcEEERS5_PS5_EC2ERKS8_
FNDA:0,_ZNSt11_Deque_baseINSt7__cxx1112basic_stringIcSt11char_traitsIcESaIcEEESaIS5_EE11_Deque_implD2Ev
FNDA:0,_ZNSt11_Deque_baseINSt7__cxx1112basic_stringIcSt11char_traitsIcESaIcEEESaIS5_EE19_M_get_Tp_allocatorEv
FNDA:0,_ZNKSt11_Deque_baseINSt7__cxx1112basic_stringIcSt11char_traitsIcESaIcEEESaIS5_EE19_M_get_Tp_allocatorEv
FNDA:0,_ZNKSt11_Deque_baseINSt7__cxx1112basic_stringIcSt11char_traitsIcESaIcEEESaIS5_EE20_M_get_map_allocatorEv
FNDA:0,_ZNSt11_Deque_baseINSt7__cxx1112basic_stringIcSt11char_traitsIcESaIcEEESaIS5_EE18_M_deallocate_nodeEPS5_
FNDA:0,_ZNSt11_Deque_baseINSt7__cxx1112basic_stringIcSt11char_traitsIcESaIcEEESaIS5_EE17_M_deallocate_mapEPPS5_m
FNDA:0,_ZNSt11_Deque_baseINSt7__cxx1112basic_stringIcSt11char_traitsIcESaIcEEESaIS5_EED2Ev
FNDA:0,_ZNSt11_Deque_baseINSt7__cxx1112basic_stringIcSt11char_traitsIcESaIcEEESaIS5_EE16_M_destroy_nodesEPPS5_S9_
FNDA:0,_ZNSt5dequeINSt7__cxx1112basic_stringIcSt11char_traitsIcESaIcEEESaIS5_EE14_S_buffer_sizeEv
FNDA:0,_ZNSt5dequeINSt7__cxx1112basic_stringIcSt11char_traitsIcESaIcEEESaIS5_EED2Ev
FNDA:0,_ZNSt5dequeINSt7__cxx1112basic_stringIcSt11char_traitsIcESaIcEEESaIS5_EE5beginEv
FNDA:0,_ZNSt5dequeINSt7__cxx1112basic_stringIcSt11char_traitsIcESaIcEEESaIS5_EE3endEv
FNDA:0,_ZNSt5dequeINSt7__cxx1112basic_stringIcSt11char_traitsIcESaIcEEESaIS5_EE15_M_destroy_dataESt15_Deque_iteratorIS5_RS5_PS5_ESB_RKS6_
FNF:15
FNH:0
DA:91,0
DA:93,0
DA:151,0
DA:152,0
DA:153,0
DA:549,0
DA:587,0
DA:588,0
DA:591,0
DA:592,0
DA:595,0
DA:596,0
DA:606,0
DA:609,0
DA:610,0
DA:620,0
DA:622,0
DA:623,0
DA:624,0
DA:660,0
DA:663,0
DA:665,0
DA:666,0
DA:667,0
DA:669,0
DA:738,0
DA:742,0
DA:743,0
DA:744,0
DA:862,0
DA:863,0
DA:1044,0
DA:1045,0
DA:1166,0
DA:1167,0
DA:1183,0
DA:1184,0
DA:2068,0
DA:2072,0
DA:2073,0
LF:40
LH:0
end_of_record
SF:/usr/include/c++/7/bits/stl_iterator.h
FN:782,_ZN9__gnu_cxx17__normal_iteratorIPKSt4pairINSt7__cxx1112basic_stringIcSt11char_traitsIcESaIcEEES7_ESt6vectorIS8_SaIS8_EEEC2ERKSA_
FN:795,_ZNK9__gnu_cxx17__normal_iteratorIPKSt4pairINSt7__cxx1112basic_stringIcSt11char_traitsIcESaIcEEES7_ESt6vectorIS8_SaIS8_EEEdeEv
FN:803,_ZN9__gnu_cxx17__normal_iteratorIPKSt4pairINSt7__cxx1112basic_stringIcSt11char_traitsIcESaIcEEES7_ESt6vectorIS8_SaIS8_EEEppEv
FN:847,_ZNK9__gnu_cxx17__normal_iteratorIPKSt4pairINSt7__cxx1112basic_stringIcSt11char_traitsIcESaIcEEES7_ESt6vectorIS8_SaIS8_EEE4baseEv
FN:883,_ZN9__gnu_cxxneIPKSt4pairINSt7__cxx1112basic_stringIcSt11char_traitsIcESaIcEEES7_ESt6vectorIS8_SaIS8_EEEEbRKNS_17__normal_iteratorIT_T0_EESJ_
FNDA:2,_ZN9__gnu_cxx17__normal_iteratorIPKSt4pairINSt7__cxx1112basic_stringIcSt11char_traitsIcESaIcEEES7_ESt6vectorIS8_SaIS8_EEEC2ERKSA_
FNDA:0,_ZNK9__gnu_cxx17__normal_iteratorIPKSt4pairINSt7__cxx1112basic_stringIcSt11char_traitsIcESaIcEEES7_ESt6vectorIS8_SaIS8_EEEdeEv
FNDA:0,_ZN9__gnu_cxx17__normal_iteratorIPKSt4pairINSt7__cxx1112basic_stringIcSt11char_traitsIcESaIcEEES7_ESt6vectorIS8_SaIS8_EEEppEv
FNDA:2,_ZNK9__gnu_cxx17__normal_iteratorIPKSt4pairINSt7__cxx1112basic_stringIcSt11char_traitsIcESaIcEEES7_ESt6vectorIS8_SaIS8_EEE4baseEv
FNDA:1,_ZN9__gnu_cxxneIPKSt4pairINSt7__cxx1112basic_stringIcSt11char_traitsIcESaIcEEES7_ESt6vectorIS8_SaIS8_EEEEbRKNS_17__normal_iteratorIT_T0_EESJ_
FNF:5
FNH:3
DA:782,2
DA:783,2
DA:795,0
DA:796,0
DA:803,0
DA:805,0
DA:806,0
DA:847,2
DA:848,2
DA:883,1
DA:886,1
LF:11
LH:6
end_of_record
SF:/usr/include/c++/7/bits/stl_pair.h
FN:208,_ZNSt4pairINSt7__cxx1112basic_stringIcSt11char_traitsIcESaIcEEES5_ED2Ev
FN:303,_ZNSt4pairINSt7__cxx1112basic_stringIcSt11char_traitsIcESaIcEEES5_EC2ERKS6_
FNDA:0,_ZNSt4pairINSt7__cxx1112basic_stringIcSt11char_traitsIcESaIcEEES5_ED2Ev
FNDA:0,_ZNSt4pairINSt7__cxx1112basic_stringIcSt11char_traitsIcESaIcEEES5_EC2ERKS6_
FNF:2
FNH:0
DA:208,0
DA:303,0
LF:2
LH:0
end_of_record
SF:/usr/include/c++/7/bits/stl_uninitialized.h
FN:76,_ZNSt20__uninitialized_copyILb0EE13__uninit_copyIN9__gnu_cxx17__normal_iteratorIPKSt4pairINSt7__cxx1112basic_stringIcSt11char_traitsIcESaIcEEESA_ESt6vectorISB_SaISB_EEEEPSB_EET0_T_SK_SJ_
FN:115,_ZSt18uninitialized_copyIN9__gnu_cxx17__normal_iteratorIPKSt4pairINSt7__cxx1112basic_stringIcSt11char_traitsIcESaIcEEES8_ESt6vectorIS9_SaIS9_EEEEPS9_ET0_T_SI_SH_
FN:287,_ZSt22__uninitialized_copy_aIN9__gnu_cxx17__normal_iteratorIPKSt4pairINSt7__cxx1112basic_stringIcSt11char_traitsIcESaIcEEES8_ESt6vectorIS9_SaIS9_EEEEPS9_S9_ET0_T_SI_SH_RSaIT1_E
FNDA:1,_ZNSt20__uninitialized_copyILb0EE13__uninit_copyIN9__gnu_cxx17__normal_iteratorIPKSt4pairINSt7__cxx1112basic_stringIcSt11char_traitsIcESaIcEEESA_ESt6vectorISB_SaISB_EEEEPSB_EET0_T_SK_SJ_
FNDA:1,_ZSt18uninitialized_copyIN9__gnu_cxx17__normal_iteratorIPKSt4pairINSt7__cxx1112basic_stringIcSt11char_traitsIcESaIcEEES8_ESt6vectorIS9_SaIS9_EEEEPS9_ET0_T_SI_SH_
FNDA:1,_ZSt22__uninitialized_copy_aIN9__gnu_cxx17__normal_iteratorIPKSt4pairINSt7__cxx1112basic_stringIcSt11char_traitsIcESaIcEEES8_ESt6vectorIS9_SaIS9_EEEEPS9_S9_ET0_T_SI_SH_RSaIT1_E
FNF:3
FNH:3
DA:76,1
DA:79,1
DA:82,1
DA:83,0
DA:84,1
DA:86,0
DA:88,0
DA:89,0
DA:115,1
DA:128,1
DA:134,1
DA:287,1
DA:289,1
LF:13
LH:9
end_of_record
SF:/usr/include/c++/7/bits/stl_vector.h
FN:81,_ZNSt12_Vector_baseISt4pairINSt7__cxx1112basic_stringIcSt11char_traitsIcESaIcEEES6_ESaIS7_EE12_Vector_implD2Ev
FN:92,_ZNSt12_Vector_baseISt4pairINSt7__cxx1112basic_stringIcSt11char_traitsIcESaIcEEES6_ESaIS7_EE12_Vector_implC2ERKS8_
FN:115,_ZNSt12_Vector_baseISt4pairINSt7__cxx1112basic_stringIcSt11char_traitsIcESaIcEEES6_ESaIS7_EE19_M_get_Tp_allocatorEv
FN:119,_ZNKSt12_Vector_baseISt4pairINSt7__cxx1112basic_stringIcSt11char_traitsIcESaIcEEES6_ESaIS7_EE19_M_get_Tp_allocatorEv
FN:136,_ZNSt12_Vector_baseISt4pairINSt7__cxx1112basic_stringIcSt11char_traitsIcESaIcEEES6_ESaIS7_EEC2EmRKS8_
FN:161,_ZNSt12_Vector_baseISt4pairINSt7__cxx1112basic_stringIcSt11char_traitsIcESaIcEEES6_ESaIS7_EED2Ev
FN:169,_ZNSt12_Vector_baseISt4pairINSt7__cxx1112basic_stringIcSt11char_traitsIcESaIcEEES6_ESaIS7_EE11_M_allocateEm
FN:176,_ZNSt12_Vector_baseISt4pairINSt7__cxx1112basic_stringIcSt11char_traitsIcESaIcEEES6_ESaIS7_EE13_M_deallocateEPS7_m
FN:185,_ZNSt12_Vector_baseISt4pairINSt7__cxx1112basic_stringIcSt11char_traitsIcESaIcEEES6_ESaIS7_EE17_M_create_storageEm
FN:326,_ZNSt6vectorISt4pairINSt7__cxx1112basic_stringIcSt11char_traitsIcESaIcEEES6_ESaIS7_EEC2ERKS9_
FN:572,_ZNKSt6vectorISt4pairINSt7__cxx1112basic_stringIcSt11char_traitsIcESaIcEEES6_ESaIS7_EE5beginEv
FN:590,_ZNKSt6vectorISt4pairINSt7__cxx1112basic_stringIcSt11char_traitsIcESaIcEEES6_ESaIS7_EE3endEv
FN:670,_ZNKSt6vectorISt4pairINSt7__cxx1112basic_stringIcSt11char_traitsIcESaIcEEES6_ESaIS7_EE4sizeEv
FNDA:0,_ZNSt12_Vector_baseISt4pairINSt7__cxx1112basic_stringIcSt11char_traitsIcESaIcEEES6_ESaIS7_EE12_Vector_implD2Ev
FNDA:1,_ZNSt12_Vector_baseISt4pairINSt7__cxx1112basic_stringIcSt11char_traitsIcESaIcEEES6_ESaIS7_EE12_Vector_implC2ERKS8_
FNDA:1,_ZNSt12_Vector_baseISt4pairINSt7__cxx1112basic_stringIcSt11char_traitsIcESaIcEEES6_ESaIS7_EE19_M_get_Tp_allocatorEv
FNDA:1,_ZNKSt12_Vector_baseISt4pairINSt7__cxx1112basic_stringIcSt11char_traitsIcESaIcEEES6_ESaIS7_EE19_M_get_Tp_allocatorEv
FNDA:1,_ZNSt12_Vector_baseISt4pairINSt7__cxx1112basic_stringIcSt11char_traitsIcESaIcEEES6_ESaIS7_EEC2EmRKS8_
FNDA:0,_ZNSt12_Vector_baseISt4pairINSt7__cxx1112basic_stringIcSt11char_traitsIcESaIcEEES6_ESaIS7_EED2Ev
FNDA:1,_ZNSt12_Vector_baseISt4pairINSt7__cxx1112basic_stringIcSt11char_traitsIcESaIcEEES6_ESaIS7_EE11_M_allocateEm
FNDA:0,_ZNSt12_Vector_baseISt4pairINSt7__cxx1112basic_stringIcSt11char_traitsIcESaIcEEES6_ESaIS7_EE13_M_deallocateEPS7_m
FNDA:1,_ZNSt12_Vector_baseISt4pairINSt7__cxx1112basic_stringIcSt11char_traitsIcESaIcEEES6_ESaIS7_EE17_M_create_storageEm
FNDA:1,_ZNSt6vectorISt4pairINSt7__cxx1112basic_stringIcSt11char_traitsIcESaIcEEES6_ESaIS7_EEC2ERKS9_
FNDA:1,_ZNKSt6vectorISt4pairINSt7__cxx1112basic_stringIcSt11char_traitsIcESaIcEEES6_ESaIS7_EE5beginEv
FNDA:1,_ZNKSt6vectorISt4pairINSt7__cxx1112basic_stringIcSt11char_traitsIcESaIcEEES6_ESaIS7_EE3endEv
FNDA:1,_ZNKSt6vectorISt4pairINSt7__cxx1112basic_stringIcSt11char_traitsIcESaIcEEES6_ESaIS7_EE4sizeEv
FNF:13
FNH:10
DA:81,0
DA:92,1
DA:93,1
DA:94,1
DA:115,1
DA:116,1
DA:119,1
DA:120,1
DA:136,1
DA:137,1
DA:138,1
DA:161,0
DA:162,0
DA:163,0
DA:169,1
DA:172,1
DA:176,0
DA:179,0
DA:180,0
DA:181,0
DA:185,1
DA:187,1
DA:188,1
DA:189,1
DA:190,1
DA:326,1
DA:328,1
DA:330,1
DA:331,1
DA:333,1
DA:334,1
DA:572,1
DA:573,1
DA:590,1
DA:591,1
DA:670,1
DA:671,1
LF:37
LH:29
end_of_record
SF:/usr/include/c++/7/ext/alloc_traits.h
FN:94,_ZN9__gnu_cxx14__alloc_traitsISaISt4pairINSt7__cxx1112basic_stringIcSt11char_traitsIcESaIcEEES7_EEE17_S_select_on_copyERKS9_
FNDA:1,_ZN9__gnu_cxx14__alloc_traitsISaISt4pairINSt7__cxx1112basic_stringIcSt11char_traitsIcESaIcEEES7_EEE17_S_select_on_copyERKS9_
FNF:1
FNH:1
DA:94,1
DA:95,1
LF:2
LH:2
end_of_record
SF:/usr/include/c++/7/ext/new_allocator.h
FN:79,_ZN9__gnu_cxx13new_allocatorIPNSt7__cxx1112basic_stringIcSt11char_traitsIcESaIcEEEEC2Ev
FN:81,_ZN9__gnu_cxx13new_allocatorISt4pairINSt7__cxx1112basic_stringIcSt11char_traitsIcESaIcEEES7_EEC2ERKS9_
FN:86,_ZN9__gnu_cxx13new_allocatorINSt7__cxx1112basic_stringIcSt11char_traitsIcESaIcEEEED2Ev
FN:86,_ZN9__gnu_cxx13new_allocatorISt4pairINSt7__cxx1112basic_stringIcSt11char_traitsIcESaIcEEES7_EED2Ev
FN:86,_ZN9__gnu_cxx13new_allocatorIPNSt7__cxx1112basic_stringIcSt11char_traitsIcESaIcEEEED2Ev
FN:99,_ZN9__gnu_cxx13new_allocatorISt4pairINSt7__cxx1112basic_stringIcSt11char_traitsIcESaIcEEES7_EE8allocateEmPKv
FN:116,_ZN9__gnu_cxx13new_allocatorIPNSt7__cxx1112basic_stringIcSt11char_traitsIcESaIcEEEE10deallocateEPS7_m
FN:116,_ZN9__gnu_cxx13new_allocatorISt4pairINSt7__cxx1112basic_stringIcSt11char_traitsIcESaIcEEES7_EE10deallocateEPS8_m
FN:116,_ZN9__gnu_cxx13new_allocatorINSt7__cxx1112basic_stringIcSt11char_traitsIcESaIcEEEE10deallocateEPS6_m
FN:129,_ZNK9__gnu_cxx13new_allocatorISt4pairINSt7__cxx1112basic_stringIcSt11char_traitsIcESaIcEEES7_EE8max_sizeEv
FNDA:0,_ZN9__gnu_cxx13new_allocatorIPNSt7__cxx1112basic_stringIcSt11char_traitsIcESaIcEEEEC2Ev
FNDA:2,_ZN9__gnu_cxx13new_allocatorISt4pairINSt7__cxx1112basic_stringIcSt11char_traitsIcESaIcEEES7_EEC2ERKS9_
FNDA:0,_ZN9__gnu_cxx13new_allocatorIPNSt7__cxx1112basic_stringIcSt11char_traitsIcESaIcEEEED2Ev
FNDA:1,_ZN9__gnu_cxx13new_allocatorISt4pairINSt7__cxx1112basic_stringIcSt11char_traitsIcESaIcEEES7_EED2Ev
FNDA:0,_ZN9__gnu_cxx13new_allocatorINSt7__cxx1112basic_stringIcSt11char_traitsIcESaIcEEEED2Ev
FNDA:0,_ZN9__gnu_cxx13new_allocatorISt4pairINSt7__cxx1112basic_stringIcSt11char_traitsIcESaIcEEES7_EE8allocateEmPKv
FNDA:0,_ZN9__gnu_cxx13new_allocatorISt4pairINSt7__cxx1112basic_stringIcSt11char_traitsIcESaIcEEES7_EE10deallocateEPS8_m
FNDA:0,_ZN9__gnu_cxx13new_allocatorINSt7__cxx1112basic_stringIcSt11char_traitsIcESaIcEEEE10deallocateEPS6_m
FNDA:0,_ZN9__gnu_cxx13new_allocatorIPNSt7__cxx1112basic_stringIcSt11char_traitsIcESaIcEEEE10deallocateEPS7_m
FNDA:0,_ZNK9__gnu_cxx13new_allocatorISt4pairINSt7__cxx1112basic_stringIcSt11char_traitsIcESaIcEEES7_EE8max_sizeEv
FNF:10
FNH:2
DA:79,0
DA:81,2
DA:86,1
DA:99,0
DA:101,0
DA:102,0
DA:111,0
DA:116,0
DA:125,0
DA:126,0
DA:129,0
DA:130,0
LF:12
LH:2
end_of_record
SF:/usr/include/c++/7/iostream
DA:74,1
LF:1
LH:1
end_of_record
SF:/usr/include/c++/7/new
FN:168,_ZnwmPv
FN:174,_ZdlPvS_
FNDA:0,_ZnwmPv
FNDA:0,_ZdlPvS_
FNF:2
FNH:0
DA:168,0
DA:169,0
DA:174,0
LF:3
LH:0
end_of_record
SF:/usr/local/include/cppunit/AdditionalMessage.h
FN:39,_ZN7CppUnit17AdditionalMessageD2Ev
FNDA:0,_ZN7CppUnit17AdditionalMessageD2Ev
FNF:1
FNH:0
DA:39,0
LF:1
LH:0
end_of_record
SF:/usr/local/include/cppunit/Message.h
FN:38,_ZN7CppUnit7MessageD2Ev
FNDA:0,_ZN7CppUnit7MessageD2Ev
FNF:1
FNH:0
DA:38,0
LF:1
LH:0
end_of_record
SF:/usr/local/include/cppunit/TestAssert.h
FN:41,_ZN7CppUnit16assertion_traitsINSt7__cxx1112basic_stringIcSt11char_traitsIcESaIcEEEE5equalERKS6_S9_
FN:46,_ZN7CppUnit16assertion_traitsINSt7__cxx1112basic_stringIcSt11char_traitsIcESaIcEEEE8toStringERKS6_
FN:94,_ZN7CppUnit12assertEqualsINSt7__cxx1112basic_stringIcSt11char_traitsIcESaIcEEEEEvRKT_S9_NS_10SourceLineERKS6_
FNDA:44,_ZN7CppUnit16assertion_traitsINSt7__cxx1112basic_stringIcSt11char_traitsIcESaIcEEEE5equalERKS6_S9_
FNDA:0,_ZN7CppUnit16assertion_traitsINSt7__cxx1112basic_stringIcSt11char_traitsIcESaIcEEEE8toStringERKS6_
FNDA:44,_ZN7CppUnit12assertEqualsINSt7__cxx1112basic_stringIcSt11char_traitsIcESaIcEEEEEvRKT_S9_NS_10SourceLineERKS6_
FNF:3
FNH:2
DA:41,44
DA:43,44
DA:46,0
DA:48,0
DA:49,0
DA:50,0
DA:94,44
DA:99,44
DA:101,0
DA:106,44
LF:10
LH:5
end_of_record
SF:/usr/local/include/cppunit/TestCaller.h
FN:149,_ZN7CppUnit10TestCallerI4TestEC2ENSt7__cxx1112basic_stringIcSt11char_traitsIcESaIcEEEMS1_FvvEPS1_
FN:157,_ZN7CppUnit10TestCallerI4TestED0Ev
FN:157,_ZN7CppUnit10TestCallerI4TestED2Ev
FN:163,_ZN7CppUnit10TestCallerI4TestE7runTestEv
FN:175,_ZN7CppUnit10TestCallerI4TestE5setUpEv
FN:180,_ZN7CppUnit10TestCallerI4TestE8tearDownEv
FNDA:19,_ZN7CppUnit10TestCallerI4TestEC2ENSt7__cxx1112basic_stringIcSt11char_traitsIcESaIcEEEMS1_FvvEPS1_
FNDA:19,_ZN7CppUnit10TestCallerI4TestED0Ev
FNDA:19,_ZN7CppUnit10TestCallerI4TestED2Ev
FNDA:19,_ZN7CppUnit10TestCallerI4TestE7runTestEv
FNDA:19,_ZN7CppUnit10TestCallerI4TestE5setUpEv
FNDA:19,_ZN7CppUnit10TestCallerI4TestE8tearDownEv
FNF:6
FNH:6
DA:149,19
DA:153,19
DA:155,19
DA:157,38
DA:159,19
DA:160,19
DA:161,57
DA:163,19
DA:166,19
DA:173,19
DA:175,19
DA:177,19
DA:178,19
DA:180,19
DA:182,19
DA:183,19
LF:16
LH:16
end_of_record
SF:/usr/local/include/cppunit/extensions/AutoRegisterSuite.h
FN:33,_ZN7CppUnit17AutoRegisterSuiteI4TestEC2Ev
FN:48,_ZN7CppUnit17AutoRegisterSuiteI4TestED2Ev
FNDA:1,_ZN7CppUnit17AutoRegisterSuiteI4TestEC2Ev
FNDA:1,_ZN7CppUnit17AutoRegisterSuiteI4TestED2Ev
FNF:2
FNH:2
DA:33,1
DA:34,1
DA:36,1
DA:37,1
DA:48,1
DA:50,1
DA:51,1
DA:52,1
LF:8
LH:8
end_of_record
SF:/usr/local/include/cppunit/extensions/TestFactory.h
FN:13,_ZN7CppUnit11TestFactoryC2Ev
FN:16,_ZN7CppUnit11TestFactoryD2Ev
FN:16,_ZN7CppUnit11TestFactoryD0Ev
FNDA:1,_ZN7CppUnit11TestFactoryC2Ev
FNDA:0,_ZN7CppUnit11TestFactoryD0Ev
FNDA:1,_ZN7CppUnit11TestFactoryD2Ev
FNF:3
FNH:2
DA:13,1
DA:16,1
LF:2
LH:2
end_of_record
SF:/usr/local/include/cppunit/extensions/TestFixtureFactory.h
FN:22,_ZN7CppUnit18TestFixtureFactoryD2Ev
FN:22,_ZN7CppUnit18TestFixtureFactoryD0Ev
FN:31,_ZN7CppUnit25ConcretTestFixtureFactoryI4TestED0Ev
FN:31,_ZN7CppUnit25ConcretTestFixtureFactoryI4TestED2Ev
FN:39,_ZN7CppUnit25ConcretTestFixtureFactoryI4TestE11makeFixtureEv
FNDA:0,_ZN7CppUnit18TestFixtureFactoryD0Ev
FNDA:1,_ZN7CppUnit18TestFixtureFactoryD2Ev
FNDA:0,_ZN7CppUnit25ConcretTestFixtureFactoryI4TestED0Ev
FNDA:1,_ZN7CppUnit25ConcretTestFixtureFactoryI4TestED2Ev
FNDA:19,_ZN7CppUnit25ConcretTestFixtureFactoryI4TestE11makeFixtureEv
FNF:5
FNH:3
DA:22,1
DA:31,1
DA:39,19
DA:41,19
LF:4
LH:4
end_of_record
SF:/usr/local/include/cppunit/extensions/TestSuiteBuilderContext.h
FN:29,_ZN7CppUnit27TestSuiteBuilderContextBaseC2ERKS0_
FN:100,_ZN7CppUnit23TestSuiteBuilderContextI4TestED0Ev
FN:100,_ZN7CppUnit23TestSuiteBuilderContextI4TestED2Ev
FN:105,_ZN7CppUnit23TestSuiteBuilderContextI4TestEC2ERNS_27TestSuiteBuilderContextBaseE
FN:116,_ZNK7CppUnit23TestSuiteBuilderContextI4TestE11makeFixtureEv
FNDA:1,_ZN7CppUnit27TestSuiteBuilderContextBaseC2ERKS0_
FNDA:0,_ZN7CppUnit23TestSuiteBuilderContextI4TestED0Ev
FNDA:1,_ZN7CppUnit23TestSuiteBuilderContextI4TestED2Ev
FNDA:1,_ZN7CppUnit23TestSuiteBuilderContextI4TestEC2ERNS_27TestSuiteBuilderContextBaseE
FNDA:19,_ZNK7CppUnit23TestSuiteBuilderContextI4TestE11makeFixtureEv
FNF:5
FNH:4
DA:29,1
DA:100,1
DA:105,1
DA:106,1
DA:108,1
DA:116,19
DA:118,19
LF:7
LH:7
end_of_record
SF:/usr/local/include/cppunit/extensions/TestSuiteFactory.h
FN:15,_ZN7CppUnit16TestSuiteFactoryI4TestED0Ev
FN:15,_ZN7CppUnit16TestSuiteFactoryI4TestED2Ev
FN:15,_ZN7CppUnit16TestSuiteFactoryI4TestEC2Ev
FN:18,_ZN7CppUnit16TestSuiteFactoryI4TestE8makeTestEv
FNDA:0,_ZN7CppUnit16TestSuiteFactoryI4TestED0Ev
FNDA:1,_ZN7CppUnit16TestSuiteFactoryI4TestED2Ev
FNDA:1,_ZN7CppUnit16TestSuiteFactoryI4TestEC2Ev
FNDA:1,_ZN7CppUnit16TestSuiteFactoryI4TestE8makeTestEv
FNF:4
FNH:3
DA:15,2
DA:18,1
DA:20,1
LF:3
LH:3
end_of_record
SF:/home/yc/Desktop/cppunit/SaleMachine.h
FN:4,_ZN11SaleMachineD2Ev
FNDA:19,_ZN11SaleMachineD2Ev
FNF:1
FNH:1
DA:4,19
LF:1
LH:1
end_of_record
SF:/home/yc/Desktop/cppunit/testApp.cpp
FN:14,_ZN4TestD0Ev
FN:14,_ZN4TestD2Ev
FN:14,_ZN4TestC2Ev
FN:16,_ZN4Test14getTestNamer__Ev
FN:16,_ZN4Test15addTestsToSuiteERN7CppUnit27TestSuiteBuilderContextBaseE
FN:39,_ZN4Test5suiteEv
FN:42,_ZN4Test5setUpEv
FN:43,_ZN4Test8tearDownEv
FN:73,_ZN4Test11TestMethod1Ev
FN:79,_ZN4Test11TestMethod2Ev
FN:91,_ZN4Test11TestMethod3Ev
FN:103,_ZN4Test11TestMethod4Ev
FN:109,_ZN4Test11TestMethod5Ev
FN:121,_ZN4Test11TestMethod6Ev
FN:133,_ZN4Test11TestMethod7Ev
FN:139,_ZN4Test11TestMethod8Ev
FN:152,_ZN4Test11TestMethod9Ev
FN:158,_ZN4Test12TestMethod10Ev
FN:164,_ZN4Test12TestMethod11Ev
FN:170,_ZN4Test12TestMethod12Ev
FN:176,_ZN4Test12TestMethod13Ev
FN:182,_ZN4Test12TestMethod14Ev
FN:188,_ZN4Test12TestMethod15Ev
FN:194,_ZN4Test12TestMethod16Ev
FN:200,_ZN4Test12TestMethod17Ev
FN:206,_ZN4Test12TestMethod18Ev
FN:212,_ZN4Test12TestMethod19Ev
FN:220,main
FN:239,_GLOBAL__sub_I__ZN4Test11TestMethod1Ev
FN:239,_Z41__static_initialization_and_destruction_0ii
FNDA:19,_ZN4TestD0Ev
FNDA:19,_ZN4TestD2Ev
FNDA:19,_ZN4TestC2Ev
FNDA:1,_ZN4Test15addTestsToSuiteERN7CppUnit27TestSuiteBuilderContextBaseE
FNDA:1,_ZN4Test14getTestNamer__Ev
FNDA:1,_ZN4Test5suiteEv
FNDA:19,_ZN4Test5setUpEv
FNDA:19,_ZN4Test8tearDownEv
FNDA:1,_ZN4Test11TestMethod1Ev
FNDA:1,_ZN4Test11TestMethod2Ev
FNDA:1,_ZN4Test11TestMethod3Ev
FNDA:1,_ZN4Test11TestMethod4Ev
FNDA:1,_ZN4Test11TestMethod5Ev
FNDA:1,_ZN4Test11TestMethod6Ev
FNDA:1,_ZN4Test11TestMethod7Ev
FNDA:1,_ZN4Test11TestMethod8Ev
FNDA:1,_ZN4Test11TestMethod9Ev
FNDA:1,_ZN4Test12TestMethod10Ev
FNDA:1,_ZN4Test12TestMethod11Ev
FNDA:1,_ZN4Test12TestMethod12Ev
FNDA:1,_ZN4Test12TestMethod13Ev
FNDA:1,_ZN4Test12TestMethod14Ev
FNDA:1,_ZN4Test12TestMethod15Ev
FNDA:1,_ZN4Test12TestMethod16Ev
FNDA:1,_ZN4Test12TestMethod17Ev
FNDA:1,_ZN4Test12TestMethod18Ev
FNDA:1,_ZN4Test12TestMethod19Ev
FNDA:1,main
FNDA:1,_GLOBAL__sub_I__ZN4Test11TestMethod1Ev
FNDA:1,_Z41__static_initialization_and_destruction_0ii
FNF:30
FNH:30
DA:14,57
DA:16,3
DA:18,1
DA:19,1
DA:20,1
DA:21,1
DA:22,1
DA:23,1
DA:24,1
DA:25,1
DA:26,1
DA:27,1
DA:29,1
DA:30,1
DA:31,1
DA:32,1
DA:33,1
DA:34,1
DA:35,1
DA:36,1
DA:37,1
DA:39,2
DA:42,19
DA:43,19
DA:73,1
DA:75,1
DA:76,1
DA:77,1
DA:79,1
DA:81,1
DA:82,1
DA:83,1
DA:84,1
DA:85,1
DA:86,1
DA:88,1
DA:89,1
DA:91,1
DA:93,1
DA:94,1
DA:95,1
DA:96,1
DA:97,1
DA:98,1
DA:100,1
DA:101,1
DA:103,1
DA:105,1
DA:106,1
DA:107,1
DA:109,1
DA:111,1
DA:112,1
DA:113,1
DA:114,1
DA:115,1
DA:116,1
DA:118,1
DA:119,1
DA:121,1
DA:123,1
DA:124,1
DA:125,1
DA:126,1
DA:127,1
DA:128,1
DA:130,1
DA:131,1
DA:133,1
DA:135,1
DA:136,1
DA:137,1
DA:139,1
DA:141,1
DA:142,1
DA:143,1
DA:144,1
DA:145,1
DA:146,1
DA:147,1
DA:149,1
DA:150,1
DA:152,1
DA:154,1
DA:155,1
DA:156,1
DA:158,1
DA:160,1
DA:161,1
DA:162,1
DA:164,1
DA:166,1
DA:167,1
DA:168,1
DA:170,1
DA:172,1
DA:173,1
DA:174,1
DA:176,1
DA:178,1
DA:179,1
DA:180,1
DA:182,1
DA:184,1
DA:185,1
DA:186,1
DA:188,1
DA:190,1
DA:191,1
DA:192,1
DA:194,1
DA:196,1
DA:197,1
DA:198,1
DA:200,1
DA:202,1
DA:203,1
DA:204,1
DA:206,1
DA:208,1
DA:209,1
DA:210,1
DA:212,1
DA:214,1
DA:215,1
DA:216,1
DA:218,1
DA:220,1
DA:223,2
DA:226,2
DA:227,1
DA:230,2
DA:231,1
DA:234,2
DA:235,1
DA:236,1
DA:238,1
DA:239,3
LF:138
LH:138
end_of_record
